#
# A fatal error has been detected by the Java Runtime Environment:
#
#  EXCEPTION_ACCESS_VIOLATION (0xc0000005) at pc=0x0000000055723552, pid=23496, tid=0x0000000000006cb0
#
# JRE version: Java(TM) SE Runtime Environment (8.0_112-b15) (build 1.8.0_112-b15)
# Java VM: Java HotSpot(TM) 64-Bit Server VM (25.112-b15 mixed mode windows-amd64 compressed oops)
# Problematic frame:
# V  [jvm.dll+0x43552]
#
# Failed to write core dump. Minidumps are not enabled by default on client versions of Windows
#
# If you would like to submit a bug report, please visit:
#   http://bugreport.java.com/bugreport/crash.jsp
#

---------------  T H R E A D  ---------------

Current thread (0x000000001f74e000):  JavaThread "C2 CompilerThread1" daemon [_thread_in_vm, id=27824, stack(0x0000000020760000,0x0000000020860000)]

siginfo: ExceptionCode=0xc0000005, reading address 0x0000000000000008

Registers:
RAX=0x000000001f74e000, RBX=0x0000000000000008, RCX=0x0000000000000006, RDX=0x0000000000000008
RSP=0x000000002085dbc0, RBP=0x000000001f843ab0, RSI=0x0000000000000008, RDI=0x0000000000000000
R8 =0x0000000000000001, R9 =0x0000000000000000, R10=0x000000001f843ce0, R11=0x000000001ff8f360
R12=0x000000001f74e000, R13=0x000000001f843ab0, R14=0x000000001f71c810, R15=0x000000001f71c8c0
RIP=0x0000000055723552, EFLAGS=0x0000000000010202

Top of Stack: (sp=0x000000002085dbc0)
0x000000002085dbc0:   0000000002b27cc0 00000000557ad347
0x000000002085dbd0:   0000000000007fe8 000000005577c28d
0x000000002085dbe0:   000000002000d4c0 00000000558f66af
0x000000002085dbf0:   0000000000000520 0000000000000010
0x000000002085dc00:   0000000000000066 00000000557238e9
0x000000002085dc10:   000000001ff8ff50 00000000557cc9cb
0x000000002085dc20:   0000000000000000 000000001f71c8d0
0x000000002085dc30:   000000001f7486a0 000000001f71c8c0
0x000000002085dc40:   0000000000000000 000000005571f5e0
0x000000002085dc50:   000000001f71c8d0 0000000000000008
0x000000002085dc60:   0000000000000008 000000001f7a9988
0x000000002085dc70:   000000001f71c8d0 0000000055720531
0x000000002085dc80:   000000002085f568 000000001ff8ff50
0x000000002085dc90:   000000001f71c8c0 000000001c1d3af0
0x000000002085dca0:   0000000000000000 000000002085e9b0
0x000000002085dcb0:   0000000000000001 000000002085eaa0 

Instructions: (pc=0x0000000055723552)
0x0000000055723532:   e9 8b 0d ef d2 76 00 48 8b da ff 15 ae 7e 59 00
0x0000000055723542:   44 0f b6 05 12 da 7a 00 4c 8b e0 45 84 c0 74 39
0x0000000055723552:   4c 8b 03 48 8b cb 41 ff 50 08 84 c0 74 2b 83 7b
0x0000000055723562:   08 00 7e 25 0f b6 83 0e 01 00 00 c0 e8 03 a8 01 


Register to memory mapping:

RAX=0x000000001f74e000 is a thread
RBX=0x0000000000000008 is an unknown value
RCX=0x0000000000000006 is an unknown value
RDX=0x0000000000000008 is an unknown value
RSP=0x000000002085dbc0 is pointing into the stack for thread: 0x000000001f74e000
RBP=0x000000001f843ab0 is an unknown value
RSI=0x0000000000000008 is an unknown value
RDI=0x0000000000000000 is an unknown value
R8 =0x0000000000000001 is an unknown value
R9 =0x0000000000000000 is an unknown value
R10=0x000000001f843ce0 is an unknown value
R11=0x000000001ff8f360 is an unknown value
R12=0x000000001f74e000 is a thread
R13=0x000000001f843ab0 is an unknown value
R14=0x000000001f71c810 is an unknown value
R15=0x000000001f71c8c0 is an unknown value


Stack: [0x0000000020760000,0x0000000020860000],  sp=0x000000002085dbc0,  free space=1014k
Native frames: (J=compiled Java code, j=interpreted, Vv=VM code, C=native code)
V  [jvm.dll+0x43552]
V  [jvm.dll+0x438e9]
V  [jvm.dll+0x3f5e0]
V  [jvm.dll+0x40531]
V  [jvm.dll+0x3afd3]
V  [jvm.dll+0x3b0e9]
V  [jvm.dll+0x475e2d]
V  [jvm.dll+0x458ff2]
V  [jvm.dll+0xa5932]
V  [jvm.dll+0xa626f]
V  [jvm.dll+0x244b1f]
V  [jvm.dll+0x29c36a]
C  [msvcr100.dll+0x21d9f]
C  [msvcr100.dll+0x21e3b]
C  [KERNEL32.DLL+0x17034]
C  [ntdll.dll+0x6b0c1]


Current CompileTask:
C2:   1161  231       4       com.fcy.Java.Concurrent.CustomerLockDemo.GxfInter::casIncreament (45 bytes)


---------------  P R O C E S S  ---------------

Java Threads: ( => current thread )
  0x000000001f9a7000 JavaThread "Thread-99" [_thread_blocked, id=30112, stack(0x0000000026f60000,0x0000000027060000)]
  0x000000001f9a6000 JavaThread "Thread-98" [_thread_blocked, id=4332, stack(0x0000000026e60000,0x0000000026f60000)]
  0x000000001f9aa800 JavaThread "Thread-97" [_thread_blocked, id=25788, stack(0x0000000026d60000,0x0000000026e60000)]
  0x000000001f9a7800 JavaThread "Thread-96" [_thread_blocked, id=28544, stack(0x0000000026c60000,0x0000000026d60000)]
  0x000000001f9a5800 JavaThread "Thread-95" [_thread_blocked, id=23872, stack(0x0000000026b60000,0x0000000026c60000)]
  0x000000001f99e800 JavaThread "Thread-94" [_thread_blocked, id=28288, stack(0x0000000026a60000,0x0000000026b60000)]
  0x000000001f99d800 JavaThread "Thread-93" [_thread_blocked, id=23896, stack(0x0000000026960000,0x0000000026a60000)]
  0x000000001f9a4800 JavaThread "Thread-92" [_thread_blocked, id=4516, stack(0x0000000026860000,0x0000000026960000)]
  0x000000001f9a4000 JavaThread "Thread-91" [_thread_blocked, id=30496, stack(0x0000000026760000,0x0000000026860000)]
  0x000000001f9a1800 JavaThread "Thread-90" [_thread_blocked, id=29892, stack(0x0000000026660000,0x0000000026760000)]
  0x000000001f9a2000 JavaThread "Thread-89" [_thread_blocked, id=28460, stack(0x0000000026560000,0x0000000026660000)]
  0x000000001f9a3000 JavaThread "Thread-88" [_thread_blocked, id=30360, stack(0x0000000026460000,0x0000000026560000)]
  0x000000001f99f000 JavaThread "Thread-87" [_thread_blocked, id=12724, stack(0x0000000026360000,0x0000000026460000)]
  0x000000001f99c000 JavaThread "Thread-86" [_thread_blocked, id=27048, stack(0x0000000026260000,0x0000000026360000)]
  0x000000001f99b800 JavaThread "Thread-85" [_thread_blocked, id=26932, stack(0x0000000026160000,0x0000000026260000)]
  0x000000001f9a0000 JavaThread "Thread-84" [_thread_blocked, id=17368, stack(0x0000000026060000,0x0000000026160000)]
  0x000000001f99d000 JavaThread "Thread-83" [_thread_blocked, id=16432, stack(0x0000000025f60000,0x0000000026060000)]
  0x000000001f9a0800 JavaThread "Thread-82" [_thread_blocked, id=27204, stack(0x0000000025e60000,0x0000000025f60000)]
  0x0000000020183000 JavaThread "Thread-81" [_thread_blocked, id=17504, stack(0x0000000025d60000,0x0000000025e60000)]
  0x0000000020182800 JavaThread "Thread-80" [_thread_blocked, id=20308, stack(0x0000000025c60000,0x0000000025d60000)]
  0x0000000020181800 JavaThread "Thread-79" [_thread_blocked, id=25420, stack(0x0000000025b60000,0x0000000025c60000)]
  0x0000000020181000 JavaThread "Thread-78" [_thread_blocked, id=30372, stack(0x0000000025a60000,0x0000000025b60000)]
  0x0000000020180000 JavaThread "Thread-77" [_thread_blocked, id=20460, stack(0x0000000025960000,0x0000000025a60000)]
  0x0000000020179800 JavaThread "Thread-76" [_thread_blocked, id=28696, stack(0x0000000025860000,0x0000000025960000)]
  0x000000002017f800 JavaThread "Thread-75" [_thread_blocked, id=28724, stack(0x0000000025760000,0x0000000025860000)]
  0x000000002017e800 JavaThread "Thread-74" [_thread_blocked, id=18904, stack(0x0000000025660000,0x0000000025760000)]
  0x000000002017e000 JavaThread "Thread-73" [_thread_blocked, id=30468, stack(0x0000000025560000,0x0000000025660000)]
  0x000000002017d000 JavaThread "Thread-72" [_thread_blocked, id=26460, stack(0x0000000025460000,0x0000000025560000)]
  0x000000002017c800 JavaThread "Thread-71" [_thread_blocked, id=15912, stack(0x0000000025360000,0x0000000025460000)]
  0x0000000020175000 JavaThread "Thread-70" [_thread_blocked, id=3756, stack(0x0000000025260000,0x0000000025360000)]
  0x000000002017b800 JavaThread "Thread-69" [_thread_blocked, id=30580, stack(0x0000000025160000,0x0000000025260000)]
  0x000000002017a000 JavaThread "Thread-68" [_thread_blocked, id=30104, stack(0x0000000025060000,0x0000000025160000)]
  0x0000000020176800 JavaThread "Thread-67" [_thread_blocked, id=19000, stack(0x0000000024f60000,0x0000000025060000)]
  0x0000000020177000 JavaThread "Thread-66" [_thread_blocked, id=14496, stack(0x0000000024e60000,0x0000000024f60000)]
  0x0000000020174000 JavaThread "Thread-65" [_thread_blocked, id=29940, stack(0x0000000024d60000,0x0000000024e60000)]
  0x0000000020178000 JavaThread "Thread-64" [_thread_blocked, id=25536, stack(0x0000000024c60000,0x0000000024d60000)]
  0x000000002017b000 JavaThread "Thread-63" [_thread_blocked, id=27920, stack(0x0000000024b60000,0x0000000024c60000)]
  0x0000000020175800 JavaThread "Thread-62" [_thread_blocked, id=20236, stack(0x0000000024a60000,0x0000000024b60000)]
  0x0000000020178800 JavaThread "Thread-61" [_thread_blocked, id=11492, stack(0x0000000024960000,0x0000000024a60000)]
  0x000000001feaa000 JavaThread "Thread-60" [_thread_blocked, id=13996, stack(0x0000000024860000,0x0000000024960000)]
  0x000000001fea9800 JavaThread "Thread-59" [_thread_blocked, id=26348, stack(0x0000000024760000,0x0000000024860000)]
  0x000000001fea5800 JavaThread "Thread-58" [_thread_blocked, id=16984, stack(0x0000000024660000,0x0000000024760000)]
  0x000000001feab000 JavaThread "Thread-57" [_thread_blocked, id=12624, stack(0x0000000024560000,0x0000000024660000)]
  0x000000001fea8800 JavaThread "Thread-56" [_thread_blocked, id=18324, stack(0x0000000024460000,0x0000000024560000)]
  0x000000001fea7000 JavaThread "Thread-55" [_thread_blocked, id=18136, stack(0x0000000024360000,0x0000000024460000)]
  0x000000001fea8000 JavaThread "Thread-54" [_thread_blocked, id=28900, stack(0x0000000024260000,0x0000000024360000)]
  0x000000001fe9f800 JavaThread "Thread-53" [_thread_blocked, id=27780, stack(0x0000000024160000,0x0000000024260000)]
  0x000000001fea5000 JavaThread "Thread-52" [_thread_blocked, id=29732, stack(0x0000000024060000,0x0000000024160000)]
  0x000000001fea6800 JavaThread "Thread-51" [_thread_blocked, id=30248, stack(0x0000000023f60000,0x0000000024060000)]
  0x000000001fe9f000 JavaThread "Thread-50" [_thread_blocked, id=3436, stack(0x0000000023e60000,0x0000000023f60000)]
  0x000000001fea4000 JavaThread "Thread-49" [_thread_blocked, id=28832, stack(0x0000000023d60000,0x0000000023e60000)]
  0x000000001fea1000 JavaThread "Thread-48" [_thread_blocked, id=16980, stack(0x0000000023c60000,0x0000000023d60000)]
  0x000000001fe9e000 JavaThread "Thread-47" [_thread_blocked, id=30524, stack(0x0000000023b60000,0x0000000023c60000)]
  0x000000001fea0800 JavaThread "Thread-46" [_thread_blocked, id=13928, stack(0x0000000023a60000,0x0000000023b60000)]
  0x000000001fe9d800 JavaThread "Thread-45" [_thread_blocked, id=7040, stack(0x0000000023960000,0x0000000023a60000)]
  0x000000001fea2000 JavaThread "Thread-44" [_thread_blocked, id=30544, stack(0x0000000023860000,0x0000000023960000)]
  0x000000001fe9c800 JavaThread "Thread-43" [_thread_blocked, id=26716, stack(0x0000000023760000,0x0000000023860000)]
  0x000000001fea3800 JavaThread "Thread-42" [_thread_blocked, id=27064, stack(0x0000000023660000,0x0000000023760000)]
  0x000000001fe9c000 JavaThread "Thread-41" [_thread_blocked, id=26104, stack(0x0000000023560000,0x0000000023660000)]
  0x000000001fea2800 JavaThread "Thread-40" [_thread_blocked, id=14568, stack(0x0000000023460000,0x0000000023560000)]
  0x000000001fc1f800 JavaThread "Thread-39" [_thread_blocked, id=1648, stack(0x0000000023360000,0x0000000023460000)]
  0x000000001fc1f000 JavaThread "Thread-38" [_thread_blocked, id=29808, stack(0x0000000023260000,0x0000000023360000)]
  0x000000001fc1e000 JavaThread "Thread-37" [_thread_blocked, id=13852, stack(0x0000000023160000,0x0000000023260000)]
  0x000000001fc1c800 JavaThread "Thread-36" [_thread_blocked, id=30020, stack(0x0000000023060000,0x0000000023160000)]
  0x000000001fc1d800 JavaThread "Thread-35" [_thread_blocked, id=14412, stack(0x0000000022f60000,0x0000000023060000)]
  0x000000001fc1c000 JavaThread "Thread-34" [_thread_blocked, id=30272, stack(0x0000000022e60000,0x0000000022f60000)]
  0x000000001fc20800 JavaThread "Thread-33" [_thread_blocked, id=27580, stack(0x0000000022d60000,0x0000000022e60000)]
  0x000000001fc14800 JavaThread "Thread-32" [_thread_blocked, id=24168, stack(0x0000000022c60000,0x0000000022d60000)]
  0x000000001fc1b000 JavaThread "Thread-31" [_thread_blocked, id=7348, stack(0x0000000022b60000,0x0000000022c60000)]
  0x000000001fc1a800 JavaThread "Thread-30" [_thread_blocked, id=22908, stack(0x0000000022a60000,0x0000000022b60000)]
  0x000000001fc13000 JavaThread "Thread-29" [_thread_blocked, id=25444, stack(0x0000000022960000,0x0000000022a60000)]
  0x000000001fc19800 JavaThread "Thread-28" [_thread_blocked, id=30476, stack(0x0000000022860000,0x0000000022960000)]
  0x000000001fc17800 JavaThread "Thread-27" [_thread_blocked, id=12172, stack(0x0000000022760000,0x0000000022860000)]
  0x000000001fc12000 JavaThread "Thread-26" [_thread_blocked, id=27440, stack(0x0000000022660000,0x0000000022760000)]
  0x000000001fc19000 JavaThread "Thread-25" [_thread_blocked, id=28636, stack(0x0000000022560000,0x0000000022660000)]
  0x000000001fc16800 JavaThread "Thread-24" [_thread_blocked, id=22604, stack(0x0000000022460000,0x0000000022560000)]
  0x000000001fc11800 JavaThread "Thread-23" [_thread_blocked, id=28732, stack(0x0000000022360000,0x0000000022460000)]
  0x000000001fc18000 JavaThread "Thread-22" [_thread_blocked, id=6168, stack(0x0000000022260000,0x0000000022360000)]
  0x000000001fc13800 JavaThread "Thread-21" [_thread_blocked, id=29280, stack(0x0000000022160000,0x0000000022260000)]
  0x000000001fc16000 JavaThread "Thread-20" [_thread_blocked, id=30364, stack(0x0000000022060000,0x0000000022160000)]
  0x000000001fc15000 JavaThread "Thread-19" [_thread_blocked, id=30172, stack(0x0000000021f60000,0x0000000022060000)]
  0x0000000020147000 JavaThread "Thread-18" [_thread_blocked, id=28176, stack(0x0000000021e60000,0x0000000021f60000)]
  0x0000000020146000 JavaThread "Thread-17" [_thread_blocked, id=26592, stack(0x0000000021d60000,0x0000000021e60000)]
  0x0000000020145800 JavaThread "Thread-16" [_thread_blocked, id=30572, stack(0x0000000021c60000,0x0000000021d60000)]
  0x0000000020144000 JavaThread "Thread-15" [_thread_blocked, id=24176, stack(0x0000000021b60000,0x0000000021c60000)]
  0x0000000020143000 JavaThread "Thread-14" [_thread_blocked, id=13932, stack(0x0000000021a60000,0x0000000021b60000)]
  0x000000002014a000 JavaThread "Thread-13" [_thread_blocked, id=2756, stack(0x0000000021960000,0x0000000021a60000)]
  0x0000000020148800 JavaThread "Thread-12" [_thread_blocked, id=29864, stack(0x0000000021860000,0x0000000021960000)]
  0x0000000020147800 JavaThread "Thread-11" [_thread_blocked, id=30152, stack(0x0000000021760000,0x0000000021860000)]
  0x0000000020144800 JavaThread "Thread-10" [_thread_blocked, id=2424, stack(0x0000000021660000,0x0000000021760000)]
  0x0000000020149000 JavaThread "Thread-9" [_thread_blocked, id=29772, stack(0x0000000021560000,0x0000000021660000)]
  0x000000001fac2000 JavaThread "Thread-8" [_thread_blocked, id=28260, stack(0x0000000021460000,0x0000000021560000)]
  0x000000001fac1000 JavaThread "Thread-7" [_thread_blocked, id=6788, stack(0x0000000021360000,0x0000000021460000)]
  0x00000000200a9000 JavaThread "Thread-6" [_thread_blocked, id=27008, stack(0x0000000021260000,0x0000000021360000)]
  0x00000000200a8800 JavaThread "Thread-5" [_thread_blocked, id=30516, stack(0x0000000021160000,0x0000000021260000)]
  0x00000000200a7800 JavaThread "Thread-4" [_thread_blocked, id=30032, stack(0x0000000021060000,0x0000000021160000)]
  0x00000000200a5000 JavaThread "Thread-3" [_thread_blocked, id=30056, stack(0x0000000020f60000,0x0000000021060000)]
  0x0000000020033800 JavaThread "Thread-2" [_thread_blocked, id=13060, stack(0x0000000020e60000,0x0000000020f60000)]
  0x000000001ff98800 JavaThread "Thread-1" [_thread_blocked, id=24804, stack(0x0000000020d60000,0x0000000020e60000)]
  0x000000001ff97800 JavaThread "Thread-0" [_thread_blocked, id=28884, stack(0x0000000020c60000,0x0000000020d60000)]
  0x000000001f7e5000 JavaThread "Service Thread" daemon [_thread_blocked, id=27300, stack(0x0000000020a60000,0x0000000020b60000)]
  0x000000001f74f800 JavaThread "C1 CompilerThread3" daemon [_thread_in_vm, id=30260, stack(0x0000000020960000,0x0000000020a60000)]
  0x000000001f74e800 JavaThread "C2 CompilerThread2" daemon [_thread_blocked, id=23684, stack(0x0000000020860000,0x0000000020960000)]
=>0x000000001f74e000 JavaThread "C2 CompilerThread1" daemon [_thread_in_vm, id=27824, stack(0x0000000020760000,0x0000000020860000)]
  0x000000001f74d000 JavaThread "C2 CompilerThread0" daemon [_thread_blocked, id=30228, stack(0x0000000020660000,0x0000000020760000)]
  0x000000001f735000 JavaThread "Monitor Ctrl-Break" daemon [_thread_in_native, id=25064, stack(0x0000000020560000,0x0000000020660000)]
  0x000000001e727000 JavaThread "Attach Listener" daemon [_thread_blocked, id=28116, stack(0x000000001ec90000,0x000000001ed90000)]
  0x000000001e726800 JavaThread "Signal Dispatcher" daemon [_thread_blocked, id=27244, stack(0x000000001eb90000,0x000000001ec90000)]
  0x000000001c7c8800 JavaThread "Finalizer" daemon [_thread_blocked, id=29348, stack(0x000000001ea90000,0x000000001eb90000)]
  0x000000001c7c1000 JavaThread "Reference Handler" daemon [_thread_blocked, id=28976, stack(0x000000001e590000,0x000000001e690000)]
  0x0000000002b34800 JavaThread "main" [_thread_blocked, id=27620, stack(0x0000000002960000,0x0000000002a60000)]

Other Threads:
  0x000000001c7b8000 VMThread [stack: 0x000000001e490000,0x000000001e590000] [id=20884]
  0x000000001f8b6000 WatcherThread [stack: 0x0000000020b60000,0x0000000020c60000] [id=4188]

VM state:synchronizing (normal execution)

VM Mutex/Monitor currently owned by a thread:  ([mutex/lock_event])
[0x0000000002b31fd0] Threads_lock - owner thread: 0x000000001c7b8000

Heap:
 PSYoungGen      total 75776K, used 13024K [0x000000076b780000, 0x0000000770c00000, 0x00000007c0000000)
  eden space 65024K, 20% used [0x000000076b780000,0x000000076c4383e8,0x000000076f700000)
  from space 10752K, 0% used [0x0000000770180000,0x0000000770180000,0x0000000770c00000)
  to   space 10752K, 0% used [0x000000076f700000,0x000000076f700000,0x0000000770180000)
 ParOldGen       total 173568K, used 0K [0x00000006c2600000, 0x00000006ccf80000, 0x000000076b780000)
  object space 173568K, 0% used [0x00000006c2600000,0x00000006c2600000,0x00000006ccf80000)
 Metaspace       used 4453K, capacity 4748K, committed 4992K, reserved 1056768K
  class space    used 497K, capacity 562K, committed 640K, reserved 1048576K

Card table byte_map: [0x00000000121d0000,0x00000000129c0000] byte_map_base: 0x000000000ebbd000

Marking Bits: (ParMarkBitMap*) 0x0000000055efa6d0
 Begin Bits: [0x0000000013710000, 0x0000000017678000)
 End Bits:   [0x0000000017678000, 0x000000001b5e0000)

Polling page: 0x0000000000810000

CodeCache: size=245760Kb used=1538Kb max_used=1569Kb free=244221Kb
 bounds [0x0000000002e10000, 0x0000000003080000, 0x0000000011e10000]
 total_blobs=507 nmethods=230 adapters=190
 compilation: enabled

Compilation events (10 events):
Event: 0.646 Thread 0x000000001f74f800 nmethod 223 0x0000000002f83e10 code [0x0000000002f83f80, 0x0000000002f841d0]
Event: 0.647 Thread 0x000000001f74f800  224       3       jdk.internal.org.objectweb.asm.ByteVector::putByteArray (49 bytes)
Event: 0.647 Thread 0x000000001f74f800 nmethod 224 0x0000000002f84290 code [0x0000000002f84400, 0x0000000002f84738]
Event: 0.648 Thread 0x000000001f74f800  225       1       java.lang.Thread::getThreadGroup (5 bytes)
Event: 0.648 Thread 0x000000001f74f800 nmethod 225 0x0000000002f84850 code [0x0000000002f849a0, 0x0000000002f84ab0]
Event: 0.650 Thread 0x000000001f74f800  227       1       java.lang.Integer::intValue (5 bytes)
Event: 0.650 Thread 0x000000001f74f800 nmethod 227 0x0000000002f85610 code [0x0000000002f85760, 0x0000000002f85870]
Event: 0.650 Thread 0x000000001f74f800  230       3       com.fcy.Java.Concurrent.CustomerLockDemo.GxfInter::casIncreament (45 bytes)
Event: 0.651 Thread 0x000000001f74f800 nmethod 230 0x0000000002f858d0 code [0x0000000002f85a40, 0x0000000002f85cf0]
Event: 0.651 Thread 0x000000001f74e000  231       4       com.fcy.Java.Concurrent.CustomerLockDemo.GxfInter::casIncreament (45 bytes)

GC Heap History (0 events):
No events

Deoptimization events (0 events):
No events

Internal exceptions (10 events):
Event: 0.476 Thread 0x0000000002b34800 Exception <a 'java/security/PrivilegedActionException'> (0x000000076bb0e198) thrown at [C:\re\workspace\8-2-build-windows-amd64-cygwin\jdk8u112\7884\hotspot\src\share\vm\prims\jvm.cpp, line 1390]
Event: 0.476 Thread 0x0000000002b34800 Exception <a 'java/security/PrivilegedActionException'> (0x000000076bb0e3a8) thrown at [C:\re\workspace\8-2-build-windows-amd64-cygwin\jdk8u112\7884\hotspot\src\share\vm\prims\jvm.cpp, line 1390]
Event: 0.476 Thread 0x0000000002b34800 Exception <a 'java/security/PrivilegedActionException'> (0x000000076bb0f470) thrown at [C:\re\workspace\8-2-build-windows-amd64-cygwin\jdk8u112\7884\hotspot\src\share\vm\prims\jvm.cpp, line 1390]
Event: 0.476 Thread 0x0000000002b34800 Exception <a 'java/security/PrivilegedActionException'> (0x000000076bb0f680) thrown at [C:\re\workspace\8-2-build-windows-amd64-cygwin\jdk8u112\7884\hotspot\src\share\vm\prims\jvm.cpp, line 1390]
Event: 0.476 Thread 0x0000000002b34800 Exception <a 'java/security/PrivilegedActionException'> (0x000000076bb107b8) thrown at [C:\re\workspace\8-2-build-windows-amd64-cygwin\jdk8u112\7884\hotspot\src\share\vm\prims\jvm.cpp, line 1390]
Event: 0.476 Thread 0x0000000002b34800 Exception <a 'java/security/PrivilegedActionException'> (0x000000076bb109c8) thrown at [C:\re\workspace\8-2-build-windows-amd64-cygwin\jdk8u112\7884\hotspot\src\share\vm\prims\jvm.cpp, line 1390]
Event: 0.476 Thread 0x0000000002b34800 Exception <a 'java/security/PrivilegedActionException'> (0x000000076bb11b00) thrown at [C:\re\workspace\8-2-build-windows-amd64-cygwin\jdk8u112\7884\hotspot\src\share\vm\prims\jvm.cpp, line 1390]
Event: 0.476 Thread 0x0000000002b34800 Exception <a 'java/security/PrivilegedActionException'> (0x000000076bb11d10) thrown at [C:\re\workspace\8-2-build-windows-amd64-cygwin\jdk8u112\7884\hotspot\src\share\vm\prims\jvm.cpp, line 1390]
Event: 0.621 Thread 0x0000000002b34800 Exception <a 'java/lang/NoSuchFieldError': method resolution failed> (0x000000076c146120) thrown at [C:\re\workspace\8-2-build-windows-amd64-cygwin\jdk8u112\7884\hotspot\src\share\vm\prims\methodHandles.cpp, line 1146]
Event: 0.622 Thread 0x0000000002b34800 Exception <a 'java/lang/NoSuchFieldError': method resolution failed> (0x000000076c153f68) thrown at [C:\re\workspace\8-2-build-windows-amd64-cygwin\jdk8u112\7884\hotspot\src\share\vm\prims\methodHandles.cpp, line 1146]

Events (10 events):
Event: 0.650 Thread 0x0000000020149000 Thread added: 0x0000000020149000
Event: 0.650 Thread 0x0000000020144800 Thread added: 0x0000000020144800
Event: 0.650 Thread 0x0000000020147800 Thread added: 0x0000000020147800
Event: 0.650 Thread 0x0000000020148800 Thread added: 0x0000000020148800
Event: 0.651 Thread 0x000000002014a000 Thread added: 0x000000002014a000
Event: 0.651 Thread 0x0000000020143000 Thread added: 0x0000000020143000
Event: 0.651 Thread 0x0000000020144000 Thread added: 0x0000000020144000
Event: 0.651 Thread 0x0000000020145800 Thread added: 0x0000000020145800
Event: 0.651 Thread 0x0000000020146000 Thread added: 0x0000000020146000
Event: 0.651 Thread 0x0000000020147000 Thread added: 0x0000000020147000


Dynamic libraries:
0x00007ff7ecfa0000 - 0x00007ff7ecfd7000 	D:\Code\Language\java\bin\java.exe
0x00007ffeaa9b0000 - 0x00007ffeaaba4000 	C:\WINDOWS\SYSTEM32\ntdll.dll
0x00007ffea9230000 - 0x00007ffea92ed000 	C:\WINDOWS\System32\KERNEL32.DLL
0x00007ffea81d0000 - 0x00007ffea848f000 	C:\WINDOWS\System32\KERNELBASE.dll
0x00007ffeaa8c0000 - 0x00007ffeaa96a000 	C:\WINDOWS\System32\ADVAPI32.dll
0x00007ffea8df0000 - 0x00007ffea8e8e000 	C:\WINDOWS\System32\msvcrt.dll
0x00007ffea9a50000 - 0x00007ffea9aeb000 	C:\WINDOWS\System32\sechost.dll
0x00007ffea8e90000 - 0x00007ffea8fb0000 	C:\WINDOWS\System32\RPCRT4.dll
0x00007ffea9bd0000 - 0x00007ffea9d70000 	C:\WINDOWS\System32\USER32.dll
0x00007ffea81a0000 - 0x00007ffea81c2000 	C:\WINDOWS\System32\win32u.dll
0x00007ffeaa2e0000 - 0x00007ffeaa30a000 	C:\WINDOWS\System32\GDI32.dll
0x00007ffea8820000 - 0x00007ffea892a000 	C:\WINDOWS\System32\gdi32full.dll
0x00007ffea89b0000 - 0x00007ffea8a4d000 	C:\WINDOWS\System32\msvcp_win.dll
0x00007ffea86d0000 - 0x00007ffea87cf000 	C:\WINDOWS\System32\ucrtbase.dll
0x00007ffea7520000 - 0x00007ffea77ba000 	C:\WINDOWS\WinSxS\amd64_microsoft.windows.common-controls_6595b64144ccf1df_6.0.18963.1000_none_aa699ef2ec662fc6\COMCTL32.dll
0x00007ffea9a20000 - 0x00007ffea9a50000 	C:\WINDOWS\System32\IMM32.DLL
0x0000000055f80000 - 0x0000000056052000 	D:\Code\Language\java\jre\bin\msvcr100.dll
0x00000000556e0000 - 0x0000000055f7a000 	D:\Code\Language\java\jre\bin\server\jvm.dll
0x00007ffea9220000 - 0x00007ffea9228000 	C:\WINDOWS\System32\PSAPI.DLL
0x00007ffea2b30000 - 0x00007ffea2b39000 	C:\WINDOWS\SYSTEM32\WSOCK32.dll
0x00007ffe9ac70000 - 0x00007ffe9ac7a000 	C:\WINDOWS\SYSTEM32\VERSION.dll
0x00007ffe979c0000 - 0x00007ffe979e7000 	C:\WINDOWS\SYSTEM32\WINMM.dll
0x00007ffea8b20000 - 0x00007ffea8b8b000 	C:\WINDOWS\System32\WS2_32.dll
0x00000000556d0000 - 0x00000000556df000 	D:\Code\Language\java\jre\bin\verify.dll
0x00000000556a0000 - 0x00000000556c9000 	D:\Code\Language\java\jre\bin\java.dll
0x0000000055600000 - 0x0000000055623000 	D:\Code\Language\java\jre\bin\instrument.dll
0x0000000055680000 - 0x0000000055696000 	D:\Code\Language\java\jre\bin\zip.dll
0x00007ffea92f0000 - 0x00007ffea9a01000 	C:\WINDOWS\System32\SHELL32.dll
0x00007ffea5af0000 - 0x00007ffea6259000 	C:\WINDOWS\SYSTEM32\windows.storage.dll
0x00007ffeaa310000 - 0x00007ffeaa65b000 	C:\WINDOWS\System32\combase.dll
0x00007ffea8a50000 - 0x00007ffea8afe000 	C:\WINDOWS\System32\SHCORE.dll
0x00007ffea8c70000 - 0x00007ffea8cc5000 	C:\WINDOWS\System32\shlwapi.dll
0x00007ffea8010000 - 0x00007ffea802f000 	C:\WINDOWS\SYSTEM32\profapi.dll
0x00007ffe98fc0000 - 0x00007ffe98fda000 	D:\Code\IDE\IntelliJ IDEA 2019.2\bin\breakgen64.dll
0x0000000055660000 - 0x000000005567a000 	D:\Code\Language\java\jre\bin\net.dll
0x00007ffea7200000 - 0x00007ffea726a000 	C:\WINDOWS\system32\mswsock.dll
0x00007ffea7bb0000 - 0x00007ffea7d94000 	C:\WINDOWS\SYSTEM32\dbghelp.dll
0x00007ffea8930000 - 0x00007ffea89ab000 	C:\WINDOWS\System32\bcryptPrimitives.dll

VM Arguments:
jvm_args: -javaagent:D:\Code\IDE\IntelliJ IDEA 2019.2\lib\idea_rt.jar=58707:D:\Code\IDE\IntelliJ IDEA 2019.2\bin -Dfile.encoding=UTF-8 
java_command: com.fcy.Java.Concurrent.CustomerLockDemo.GxfInter
java_class_path (initial): D:\Code\Language\java\jre\lib\charsets.jar;D:\Code\Language\java\jre\lib\deploy.jar;D:\Code\Language\java\jre\lib\ext\access-bridge-64.jar;D:\Code\Language\java\jre\lib\ext\cldrdata.jar;D:\Code\Language\java\jre\lib\ext\dnsns.jar;D:\Code\Language\java\jre\lib\ext\jaccess.jar;D:\Code\Language\java\jre\lib\ext\jfxrt.jar;D:\Code\Language\java\jre\lib\ext\localedata.jar;D:\Code\Language\java\jre\lib\ext\nashorn.jar;D:\Code\Language\java\jre\lib\ext\sunec.jar;D:\Code\Language\java\jre\lib\ext\sunjce_provider.jar;D:\Code\Language\java\jre\lib\ext\sunmscapi.jar;D:\Code\Language\java\jre\lib\ext\sunpkcs11.jar;D:\Code\Language\java\jre\lib\ext\zipfs.jar;D:\Code\Language\java\jre\lib\javaws.jar;D:\Code\Language\java\jre\lib\jce.jar;D:\Code\Language\java\jre\lib\jfr.jar;D:\Code\Language\java\jre\lib\jfxswt.jar;D:\Code\Language\java\jre\lib\jsse.jar;D:\Code\Language\java\jre\lib\management-agent.jar;D:\Code\Language\java\jre\lib\plugin.jar;D:\Code\Language\java\jre\lib\resources.jar;D:\Code\Language\java\jre\lib\rt.jar;D:\Code\WorkSpace\java\NewWorkSpace\Image\target\classes;D:\Code\Packages\maven\commons-logging\commons-logging\1.0.4\commons-logging-1.0.4.jar;D:\Code\Packages\maven\org\apache\pdfbox\pdfbox\1.8.8\pdfbox-1.8.8.jar;D:\Code\Packages\maven\org\apache\pdfbox\fontbox\1.8.8\fontbox-1.8.8.jar;D:\Code\Packages\maven\org\apache\pdfbox\jempbox\1.8.8\jempbox-1.8.8.jar;D:\Code\Packages\maven\com\itextpdf\itextpdf\5.5.9\itextpdf-5.5.9.jar;D:\Code\Packages\maven\com\itextpdf\itext-asian\5.2.0\itext-asian-5.2.0.jar;D:\Code\Packages\maven\com\itextpdf\tool\xmlworker\5.5.6\xmlworker-5.5.6.jar;D:\Code\Packages\maven\org\projectlombok\lombok\1.14.4\lombok-1.14.4.jar;D:\Code\Packages\maven\mysql\mysql-connector-java\5.1.45\mysql-connector-java-5.1.45.jar;D:\Code\Packages\maven\com\fasterxml\jackson\core\jackson-core\2.9.5\jackson-core-2.9.5.jar;D:\Code\Packages\maven\org\codehaus\jackson\jackson-mapper-asl\1.9.13\jackson-mapper-asl-1.9.13.jar;D:\Code\Pa
Launcher Type: SUN_STANDARD

Environment Variables:
JAVA_HOME=D:\Code\Language\java
CLASSPATH=.;D:\Code\Language\java\lib\dt.jar;D:\Code\Language\java\lib\tools.jar;D:\Code\Language\java\jre\lib\rt.jar
PATH=D:\Code\IDE\IntelliJ IDEA 2019.2\jbr\\bin;D:\Code\IDE\IntelliJ IDEA 2019.2\jbr\\bin\server;D:\Code\Language\python\Scripts\;D:\Code\Language\python\;C:\WINDOWS\system32;C:\WINDOWS;C:\WINDOWS\System32\Wbem;C:\WINDOWS\System32\WindowsPowerShell\v1.0\;C:\WINDOWS\System32\OpenSSH\;C:\Program Files (x86)\Intel\Intel(R) Management Engine Components\DAL;C:\Program Files\Intel\Intel(R) Management Engine Components\DAL;D:\Code\CodeTool\NetWork\Git\cmd;D:\Code\Language\nodejs\;C:\Users\80771\AppData\Local\Microsoft\WindowsApps;D:\Code\Language\java\bin;C:\Users\80771\AppData\Roaming\npm;D:\Code\Build\apache-maven-3.6.1\bin;D:\Code\Build\gradle-5.6\bin;D:\Code\MiddleWare\mysql-5.7.27-winx64\bin;D:\Code\MiddleWare\hadoop\bin;D:\Code\MiddleWare\hadoop\sbin;C:\Users\80771\AppData\Local\Microsoft\WindowsApps;D:\Code\Language\scala-2.13.0\bin;
USERNAME=fcy
OS=Windows_NT
PROCESSOR_IDENTIFIER=Intel64 Family 6 Model 158 Stepping 10, GenuineIntel



---------------  S Y S T E M  ---------------

OS: Windows 10.0 , 64 bit Build 18963 (10.0.18963.1000)

CPU:total 8 (4 cores per cpu, 2 threads per core) family 6 model 158 stepping 10, cmov, cx8, fxsr, mmx, sse, sse2, sse3, ssse3, sse4.1, sse4.2, popcnt, avx, avx2, aes, clmul, erms, 3dnowpref, lzcnt, ht, tsc, tscinvbit, bmi1, bmi2, adx

Memory: 4k page, physical 16615732k(5838056k free), swap 27101492k(3554704k free)

vm_info: Java HotSpot(TM) 64-Bit Server VM (25.112-b15) for windows-amd64 JRE (1.8.0_112-b15), built on Sep 22 2016 21:31:56 by "java_re" with MS VC++ 10.0 (VS2010)

time: Sat Oct 19 02:45:31 2019
elapsed time: 1 seconds (0d 0h 0m 1s)

