#
# A fatal error has been detected by the Java Runtime Environment:
#
#  EXCEPTION_ACCESS_VIOLATION (0xc0000005) at pc=0x0000000055723552, pid=30616, tid=0x0000000000004cd8
#
# JRE version: Java(TM) SE Runtime Environment (8.0_112-b15) (build 1.8.0_112-b15)
# Java VM: Java HotSpot(TM) 64-Bit Server VM (25.112-b15 mixed mode windows-amd64 compressed oops)
# Problematic frame:
# V  [jvm.dll+0x43552]
#
# Failed to write core dump. Minidumps are not enabled by default on client versions of Windows
#
# If you would like to submit a bug report, please visit:
#   http://bugreport.java.com/bugreport/crash.jsp
#

---------------  T H R E A D  ---------------

Current thread (0x000000001faf2800):  JavaThread "C2 CompilerThread2" daemon [_thread_in_vm, id=19672, stack(0x0000000020c00000,0x0000000020d00000)]

siginfo: ExceptionCode=0xc0000005, reading address 0x00000003937ba318

Registers:
RAX=0x000000001faf2800, RBX=0x00000003937ba318, RCX=0x0000000000000006, RDX=0x00000003937ba318
RSP=0x0000000020cfdb80, RBP=0x000000001fb2e430, RSI=0x00000003937ba318, RDI=0x0000000000000000
R8 =0x0000000000000001, R9 =0x0000000000000002, R10=0x000000001fb2e660, R11=0x00000000201e2ba0
R12=0x000000001faf2800, R13=0x000000001fb2e430, R14=0x000000001fae8b70, R15=0x000000001fae8c20
RIP=0x0000000055723552, EFLAGS=0x0000000000010202

Top of Stack: (sp=0x0000000020cfdb80)
0x0000000020cfdb80:   0000000002ec7e70 00000000557ad347
0x0000000020cfdb90:   0000000000007fe8 000000005577c28d
0x0000000020cfdba0:   0000000020011190 00000000558f66af
0x0000000020cfdbb0:   0000000000000520 0000000000000010
0x0000000020cfdbc0:   0000000000000066 00000000557238e9
0x0000000020cfdbd0:   00000000201e3790 00000000557cc9cb
0x0000000020cfdbe0:   0000000000000002 000000001fae8c30
0x0000000020cfdbf0:   000000001fa70dc0 000000001fae8c20
0x0000000020cfdc00:   0000000000000000 000000005571f5e0
0x0000000020cfdc10:   000000001fae8c30 00000003937ba318
0x0000000020cfdc20:   0000000000000008 000000001fb474e0
0x0000000020cfdc30:   000000001fae8c30 0000000055720531
0x0000000020cfdc40:   0000000020cff528 00000000201e3790
0x0000000020cfdc50:   000000001fae8c20 000000001c573b30
0x0000000020cfdc60:   0000000000000000 0000000020cfe970
0x0000000020cfdc70:   0000000000000001 0000000020cfea60 

Instructions: (pc=0x0000000055723552)
0x0000000055723532:   e9 8b 0d ef d2 76 00 48 8b da ff 15 ae 7e 59 00
0x0000000055723542:   44 0f b6 05 12 da 7a 00 4c 8b e0 45 84 c0 74 39
0x0000000055723552:   4c 8b 03 48 8b cb 41 ff 50 08 84 c0 74 2b 83 7b
0x0000000055723562:   08 00 7e 25 0f b6 83 0e 01 00 00 c0 e8 03 a8 01 


Register to memory mapping:

RAX=0x000000001faf2800 is a thread
RBX=0x00000003937ba318 is an unknown value
RCX=0x0000000000000006 is an unknown value
RDX=0x00000003937ba318 is an unknown value
RSP=0x0000000020cfdb80 is pointing into the stack for thread: 0x000000001faf2800
RBP=0x000000001fb2e430 is an unknown value
RSI=0x00000003937ba318 is an unknown value
RDI=0x0000000000000000 is an unknown value
R8 =0x0000000000000001 is an unknown value
R9 =0x0000000000000002 is an unknown value
R10=0x000000001fb2e660 is an unknown value
R11=0x00000000201e2ba0 is an unknown value
R12=0x000000001faf2800 is a thread
R13=0x000000001fb2e430 is an unknown value
R14=0x000000001fae8b70 is an unknown value
R15=0x000000001fae8c20 is an unknown value


Stack: [0x0000000020c00000,0x0000000020d00000],  sp=0x0000000020cfdb80,  free space=1014k
Native frames: (J=compiled Java code, j=interpreted, Vv=VM code, C=native code)
V  [jvm.dll+0x43552]
V  [jvm.dll+0x438e9]
V  [jvm.dll+0x3f5e0]
V  [jvm.dll+0x40531]
V  [jvm.dll+0x3afd3]
V  [jvm.dll+0x3b0e9]
V  [jvm.dll+0x475e2d]
V  [jvm.dll+0x458ff2]
V  [jvm.dll+0xa5932]
V  [jvm.dll+0xa626f]
V  [jvm.dll+0x244b1f]
V  [jvm.dll+0x29c36a]
C  [msvcr100.dll+0x21d9f]
C  [msvcr100.dll+0x21e3b]
C  [KERNEL32.DLL+0x17034]
C  [ntdll.dll+0x6b0c1]


Current CompileTask:
C2:   1076  249       4       com.fcy.Java.Concurrent.CustomerLockDemo.GxfInter::casIncreament (45 bytes)


---------------  P R O C E S S  ---------------

Java Threads: ( => current thread )
  0x000000002010e000 JavaThread "Thread-99" [_thread_blocked, id=29532, stack(0x0000000027300000,0x0000000027400000)]
  0x000000002010e800 JavaThread "Thread-98" [_thread_blocked, id=26112, stack(0x0000000027200000,0x0000000027300000)]
  0x000000002010d000 JavaThread "Thread-97" [_thread_blocked, id=29820, stack(0x0000000027100000,0x0000000027200000)]
  0x0000000020105800 JavaThread "Thread-96" [_thread_blocked, id=29904, stack(0x0000000027000000,0x0000000027100000)]
  0x000000002010c800 JavaThread "Thread-95" [_thread_blocked, id=22460, stack(0x0000000026f00000,0x0000000027000000)]
  0x0000000020105000 JavaThread "Thread-94" [_thread_blocked, id=29724, stack(0x0000000026e00000,0x0000000026f00000)]
  0x000000002010b800 JavaThread "Thread-93" [_thread_blocked, id=27956, stack(0x0000000026d00000,0x0000000026e00000)]
  0x000000002010a000 JavaThread "Thread-92" [_thread_blocked, id=25544, stack(0x0000000026c00000,0x0000000026d00000)]
  0x0000000020104000 JavaThread "Thread-91" [_thread_blocked, id=26808, stack(0x0000000026b00000,0x0000000026c00000)]
  0x0000000020109800 JavaThread "Thread-90" [_thread_blocked, id=10120, stack(0x0000000026a00000,0x0000000026b00000)]
  0x000000002010b000 JavaThread "Thread-89" [_thread_blocked, id=29440, stack(0x0000000026900000,0x0000000026a00000)]
  0x0000000020102800 JavaThread "Thread-88" [_thread_blocked, id=29860, stack(0x0000000026800000,0x0000000026900000)]
  0x0000000020107000 JavaThread "Thread-87" [_thread_blocked, id=29220, stack(0x0000000026700000,0x0000000026800000)]
  0x0000000020108800 JavaThread "Thread-86" [_thread_blocked, id=25832, stack(0x0000000026600000,0x0000000026700000)]
  0x0000000020101800 JavaThread "Thread-85" [_thread_blocked, id=19576, stack(0x0000000026500000,0x0000000026600000)]
  0x0000000020108000 JavaThread "Thread-84" [_thread_blocked, id=18416, stack(0x0000000026400000,0x0000000026500000)]
  0x0000000020103800 JavaThread "Thread-83" [_thread_blocked, id=21996, stack(0x0000000026300000,0x0000000026400000)]
  0x0000000020106800 JavaThread "Thread-82" [_thread_blocked, id=2348, stack(0x0000000026200000,0x0000000026300000)]
  0x00000000203a6800 JavaThread "Thread-81" [_thread_blocked, id=12140, stack(0x0000000026100000,0x0000000026200000)]
  0x00000000203a5800 JavaThread "Thread-80" [_thread_blocked, id=30232, stack(0x0000000026000000,0x0000000026100000)]
  0x00000000203a4000 JavaThread "Thread-79" [_thread_blocked, id=17956, stack(0x0000000025f00000,0x0000000026000000)]
  0x00000000203a5000 JavaThread "Thread-78" [_thread_blocked, id=25704, stack(0x0000000025e00000,0x0000000025f00000)]
  0x000000002039c800 JavaThread "Thread-77" [_thread_blocked, id=28480, stack(0x0000000025d00000,0x0000000025e00000)]
  0x00000000203a2000 JavaThread "Thread-76" [_thread_blocked, id=29324, stack(0x0000000025c00000,0x0000000025d00000)]
  0x00000000203a1000 JavaThread "Thread-75" [_thread_blocked, id=10344, stack(0x0000000025b00000,0x0000000025c00000)]
  0x00000000203a0800 JavaThread "Thread-74" [_thread_blocked, id=30336, stack(0x0000000025a00000,0x0000000025b00000)]
  0x00000000203a2800 JavaThread "Thread-73" [_thread_blocked, id=25840, stack(0x0000000025900000,0x0000000025a00000)]
  0x000000002039f800 JavaThread "Thread-72" [_thread_blocked, id=22560, stack(0x0000000025800000,0x0000000025900000)]
  0x00000000203a3800 JavaThread "Thread-71" [_thread_blocked, id=4308, stack(0x0000000025700000,0x0000000025800000)]
  0x0000000020399800 JavaThread "Thread-70" [_thread_blocked, id=29628, stack(0x0000000025600000,0x0000000025700000)]
  0x000000002039a800 JavaThread "Thread-69" [_thread_blocked, id=30284, stack(0x0000000025500000,0x0000000025600000)]
  0x0000000020399000 JavaThread "Thread-68" [_thread_blocked, id=1752, stack(0x0000000025400000,0x0000000025500000)]
  0x000000002039d800 JavaThread "Thread-67" [_thread_blocked, id=24852, stack(0x0000000025300000,0x0000000025400000)]
  0x0000000020398000 JavaThread "Thread-66" [_thread_blocked, id=28996, stack(0x0000000025200000,0x0000000025300000)]
  0x000000002039e000 JavaThread "Thread-65" [_thread_blocked, id=30312, stack(0x0000000025100000,0x0000000025200000)]
  0x000000002039b000 JavaThread "Thread-64" [_thread_blocked, id=26712, stack(0x0000000025000000,0x0000000025100000)]
  0x000000002039f000 JavaThread "Thread-63" [_thread_blocked, id=20528, stack(0x0000000024f00000,0x0000000025000000)]
  0x000000002039c000 JavaThread "Thread-62" [_thread_blocked, id=5040, stack(0x0000000024e00000,0x0000000024f00000)]
  0x0000000020397800 JavaThread "Thread-61" [_thread_blocked, id=14932, stack(0x0000000024d00000,0x0000000024e00000)]
  0x00000000203c6800 JavaThread "Thread-60" [_thread_blocked, id=22004, stack(0x0000000024c00000,0x0000000024d00000)]
  0x00000000203c7000 JavaThread "Thread-59" [_thread_blocked, id=30280, stack(0x0000000024b00000,0x0000000024c00000)]
  0x00000000203c5800 JavaThread "Thread-58" [_thread_blocked, id=30044, stack(0x0000000024a00000,0x0000000024b00000)]
  0x00000000203c5000 JavaThread "Thread-57" [_thread_blocked, id=30664, stack(0x0000000024900000,0x0000000024a00000)]
  0x00000000203c8000 JavaThread "Thread-56" [_thread_blocked, id=29952, stack(0x0000000024800000,0x0000000024900000)]
  0x00000000203c4000 JavaThread "Thread-55" [_thread_blocked, id=29832, stack(0x0000000024700000,0x0000000024800000)]
  0x00000000203bc800 JavaThread "Thread-54" [_thread_blocked, id=27436, stack(0x0000000024600000,0x0000000024700000)]
  0x00000000203be000 JavaThread "Thread-53" [_thread_blocked, id=24840, stack(0x0000000024500000,0x0000000024600000)]
  0x00000000203c3800 JavaThread "Thread-52" [_thread_blocked, id=12644, stack(0x0000000024400000,0x0000000024500000)]
  0x00000000203c2000 JavaThread "Thread-51" [_thread_blocked, id=18628, stack(0x0000000024300000,0x0000000024400000)]
  0x00000000203bd000 JavaThread "Thread-50" [_thread_blocked, id=23948, stack(0x0000000024200000,0x0000000024300000)]
  0x00000000203c0000 JavaThread "Thread-49" [_thread_blocked, id=26404, stack(0x0000000024100000,0x0000000024200000)]
  0x00000000203bb800 JavaThread "Thread-48" [_thread_blocked, id=29824, stack(0x0000000024000000,0x0000000024100000)]
  0x00000000203c2800 JavaThread "Thread-47" [_thread_blocked, id=22476, stack(0x0000000023f00000,0x0000000024000000)]
  0x00000000203c1000 JavaThread "Thread-46" [_thread_blocked, id=30584, stack(0x0000000023e00000,0x0000000023f00000)]
  0x00000000203bb000 JavaThread "Thread-45" [_thread_blocked, id=26424, stack(0x0000000023d00000,0x0000000023e00000)]
  0x00000000203b8800 JavaThread "Thread-44" [_thread_blocked, id=29780, stack(0x0000000023c00000,0x0000000023d00000)]
  0x00000000203ba000 JavaThread "Thread-43" [_thread_blocked, id=8900, stack(0x0000000023b00000,0x0000000023c00000)]
  0x00000000203bf800 JavaThread "Thread-42" [_thread_blocked, id=18732, stack(0x0000000023a00000,0x0000000023b00000)]
  0x00000000203be800 JavaThread "Thread-41" [_thread_blocked, id=7348, stack(0x0000000023900000,0x0000000023a00000)]
  0x00000000203b9800 JavaThread "Thread-40" [_thread_blocked, id=19164, stack(0x0000000023800000,0x0000000023900000)]
  0x00000000201a2800 JavaThread "Thread-39" [_thread_blocked, id=17912, stack(0x0000000023700000,0x0000000023800000)]
  0x00000000201a2000 JavaThread "Thread-38" [_thread_blocked, id=20608, stack(0x0000000023600000,0x0000000023700000)]
  0x00000000201a0800 JavaThread "Thread-37" [_thread_blocked, id=18212, stack(0x0000000023500000,0x0000000023600000)]
  0x00000000201a1000 JavaThread "Thread-36" [_thread_blocked, id=29552, stack(0x0000000023400000,0x0000000023500000)]
  0x00000000201a3800 JavaThread "Thread-35" [_thread_blocked, id=23624, stack(0x0000000023300000,0x0000000023400000)]
  0x00000000201a5000 JavaThread "Thread-34" [_thread_blocked, id=24912, stack(0x0000000023200000,0x0000000023300000)]
  0x000000002019f800 JavaThread "Thread-33" [_thread_blocked, id=22664, stack(0x0000000023100000,0x0000000023200000)]
  0x00000000201a4000 JavaThread "Thread-32" [_thread_blocked, id=25708, stack(0x0000000023000000,0x0000000023100000)]
  0x0000000020198000 JavaThread "Thread-31" [_thread_blocked, id=30588, stack(0x0000000022f00000,0x0000000023000000)]
  0x0000000020199800 JavaThread "Thread-30" [_thread_blocked, id=28120, stack(0x0000000022e00000,0x0000000022f00000)]
  0x000000002019c000 JavaThread "Thread-29" [_thread_blocked, id=9544, stack(0x0000000022d00000,0x0000000022e00000)]
  0x000000002019f000 JavaThread "Thread-28" [_thread_blocked, id=12724, stack(0x0000000022c00000,0x0000000022d00000)]
  0x0000000020197800 JavaThread "Thread-27" [_thread_blocked, id=23748, stack(0x0000000022b00000,0x0000000022c00000)]
  0x000000002019a800 JavaThread "Thread-26" [_thread_blocked, id=29344, stack(0x0000000022a00000,0x0000000022b00000)]
  0x000000002019e000 JavaThread "Thread-25" [_thread_blocked, id=22224, stack(0x0000000022900000,0x0000000022a00000)]
  0x0000000020196800 JavaThread "Thread-24" [_thread_blocked, id=26328, stack(0x0000000022800000,0x0000000022900000)]
  0x0000000020199000 JavaThread "Thread-23" [_thread_blocked, id=6992, stack(0x0000000022700000,0x0000000022800000)]
  0x000000002019d800 JavaThread "Thread-22" [_thread_blocked, id=19588, stack(0x0000000022600000,0x0000000022700000)]
  0x000000002019c800 JavaThread "Thread-21" [_thread_blocked, id=28448, stack(0x0000000022500000,0x0000000022600000)]
  0x0000000020196000 JavaThread "Thread-20" [_thread_blocked, id=13928, stack(0x0000000022400000,0x0000000022500000)]
  0x000000002019b000 JavaThread "Thread-19" [_thread_blocked, id=26968, stack(0x0000000022300000,0x0000000022400000)]
  0x000000002016a800 JavaThread "Thread-18" [_thread_blocked, id=15912, stack(0x0000000022200000,0x0000000022300000)]
  0x000000002016d800 JavaThread "Thread-17" [_thread_blocked, id=30008, stack(0x0000000022100000,0x0000000022200000)]
  0x000000002016d000 JavaThread "Thread-16" [_thread_blocked, id=23944, stack(0x0000000022000000,0x0000000022100000)]
  0x000000002016c000 JavaThread "Thread-15" [_thread_blocked, id=30352, stack(0x0000000021f00000,0x0000000022000000)]
  0x000000002016a000 JavaThread "Thread-14" [_thread_blocked, id=26348, stack(0x0000000021e00000,0x0000000021f00000)]
  0x000000002016b800 JavaThread "Thread-13" [_thread_blocked, id=16984, stack(0x0000000021d00000,0x0000000021e00000)]
  0x0000000020169000 JavaThread "Thread-12" [_thread_blocked, id=28796, stack(0x0000000021c00000,0x0000000021d00000)]
  0x000000002016e800 JavaThread "Thread-11" [_thread_blocked, id=29972, stack(0x0000000021b00000,0x0000000021c00000)]
  0x0000000020170000 JavaThread "Thread-10" [_thread_blocked, id=14412, stack(0x0000000021a00000,0x0000000021b00000)]
  0x000000002016f000 JavaThread "Thread-9" [_thread_blocked, id=25496, stack(0x0000000021900000,0x0000000021a00000)]
  0x000000002047d000 JavaThread "Thread-8" [_thread_blocked, id=29752, stack(0x0000000021800000,0x0000000021900000)]
  0x000000002047c000 JavaThread "Thread-7" [_thread_blocked, id=25016, stack(0x0000000021700000,0x0000000021800000)]
  0x000000002047b800 JavaThread "Thread-6" [_thread_blocked, id=26384, stack(0x0000000021600000,0x0000000021700000)]
  0x0000000020472800 JavaThread "Thread-5" [_thread_blocked, id=26160, stack(0x0000000021500000,0x0000000021600000)]
  0x0000000020472000 JavaThread "Thread-4" [_thread_blocked, id=7040, stack(0x0000000021400000,0x0000000021500000)]
  0x000000002046d000 JavaThread "Thread-3" [_thread_blocked, id=29988, stack(0x0000000021300000,0x0000000021400000)]
  0x0000000020468800 JavaThread "Thread-2" [_thread_blocked, id=30476, stack(0x0000000021200000,0x0000000021300000)]
  0x0000000020191800 JavaThread "Thread-1" [_thread_blocked, id=2124, stack(0x0000000021100000,0x0000000021200000)]
  0x0000000020190800 JavaThread "Thread-0" [_thread_blocked, id=27256, stack(0x0000000021000000,0x0000000021100000)]
  0x000000001fb87000 JavaThread "Service Thread" daemon [_thread_blocked, id=16064, stack(0x0000000020e00000,0x0000000020f00000)]
  0x000000001faf3800 JavaThread "C1 CompilerThread3" daemon [_thread_in_vm, id=30112, stack(0x0000000020d00000,0x0000000020e00000)]
=>0x000000001faf2800 JavaThread "C2 CompilerThread2" daemon [_thread_in_vm, id=19672, stack(0x0000000020c00000,0x0000000020d00000)]
  0x000000001faf2000 JavaThread "C2 CompilerThread1" daemon [_thread_blocked, id=20372, stack(0x0000000020b00000,0x0000000020c00000)]
  0x000000001faf1000 JavaThread "C2 CompilerThread0" daemon [_thread_blocked, id=30620, stack(0x0000000020a00000,0x0000000020b00000)]
  0x000000001fa6f000 JavaThread "Monitor Ctrl-Break" daemon [_thread_in_native, id=16404, stack(0x0000000020900000,0x0000000020a00000)]
  0x000000001eac7800 JavaThread "Attach Listener" daemon [_thread_blocked, id=27108, stack(0x000000001f030000,0x000000001f130000)]
  0x000000001ea71800 JavaThread "Signal Dispatcher" daemon [_thread_blocked, id=27336, stack(0x000000001ef30000,0x000000001f030000)]
  0x000000001cb69800 JavaThread "Finalizer" daemon [_thread_blocked, id=25160, stack(0x000000001ee30000,0x000000001ef30000)]
  0x000000001cb61800 JavaThread "Reference Handler" daemon [_thread_blocked, id=1924, stack(0x000000001e930000,0x000000001ea30000)]
  0x0000000002ed4800 JavaThread "main" [_thread_blocked, id=26932, stack(0x0000000002d90000,0x0000000002e90000)]

Other Threads:
  0x000000001cb58000 VMThread [stack: 0x000000001e830000,0x000000001e930000] [id=30452]
  0x000000001fe61800 WatcherThread [stack: 0x0000000020f00000,0x0000000021000000] [id=30668]

VM state:synchronizing (normal execution)

VM Mutex/Monitor currently owned by a thread:  ([mutex/lock_event])
[0x0000000002ed1750] Threads_lock - owner thread: 0x000000001cb58000

Heap:
 PSYoungGen      total 75776K, used 13024K [0x000000076b780000, 0x0000000770c00000, 0x00000007c0000000)
  eden space 65024K, 20% used [0x000000076b780000,0x000000076c4383e8,0x000000076f700000)
  from space 10752K, 0% used [0x0000000770180000,0x0000000770180000,0x0000000770c00000)
  to   space 10752K, 0% used [0x000000076f700000,0x000000076f700000,0x0000000770180000)
 ParOldGen       total 173568K, used 0K [0x00000006c2600000, 0x00000006ccf80000, 0x000000076b780000)
  object space 173568K, 0% used [0x00000006c2600000,0x00000006c2600000,0x00000006ccf80000)
 Metaspace       used 4457K, capacity 4748K, committed 4992K, reserved 1056768K
  class space    used 498K, capacity 562K, committed 640K, reserved 1048576K

Card table byte_map: [0x0000000012570000,0x0000000012d60000] byte_map_base: 0x000000000ef5d000

Marking Bits: (ParMarkBitMap*) 0x0000000055efa6d0
 Begin Bits: [0x0000000013ab0000, 0x0000000017a18000)
 End Bits:   [0x0000000017a18000, 0x000000001b980000)

Polling page: 0x00000000010a0000

CodeCache: size=245760Kb used=1530Kb max_used=1555Kb free=244229Kb
 bounds [0x00000000031b0000, 0x0000000003420000, 0x00000000121b0000]
 total_blobs=525 nmethods=248 adapters=190
 compilation: enabled

Compilation events (10 events):
Event: 0.746 Thread 0x000000001faf3800 nmethod 241 0x0000000003326210 code [0x0000000003326380, 0x00000000033265d0]
Event: 0.746 Thread 0x000000001faf3800  242       3       jdk.internal.org.objectweb.asm.ByteVector::putByteArray (49 bytes)
Event: 0.746 Thread 0x000000001faf3800 nmethod 242 0x0000000003326690 code [0x0000000003326800, 0x0000000003326b38]
Event: 0.746 Thread 0x000000001faf3800  243       1       java.lang.Thread::getThreadGroup (5 bytes)
Event: 0.746 Thread 0x000000001faf3800 nmethod 243 0x0000000003326c50 code [0x0000000003326da0, 0x0000000003326eb0]
Event: 0.747 Thread 0x000000001faf3800  245       1       java.lang.Integer::intValue (5 bytes)
Event: 0.747 Thread 0x000000001faf3800 nmethod 245 0x0000000003327a10 code [0x0000000003327b60, 0x0000000003327c70]
Event: 0.747 Thread 0x000000001faf3800  248       3       com.fcy.Java.Concurrent.CustomerLockDemo.GxfInter::casIncreament (45 bytes)
Event: 0.747 Thread 0x000000001faf3800 nmethod 248 0x0000000003327cd0 code [0x0000000003327e40, 0x00000000033280f0]
Event: 0.747 Thread 0x000000001faf2800  249       4       com.fcy.Java.Concurrent.CustomerLockDemo.GxfInter::casIncreament (45 bytes)

GC Heap History (0 events):
No events

Deoptimization events (0 events):
No events

Internal exceptions (10 events):
Event: 0.541 Thread 0x0000000002ed4800 Exception <a 'java/security/PrivilegedActionException'> (0x000000076bb0e198) thrown at [C:\re\workspace\8-2-build-windows-amd64-cygwin\jdk8u112\7884\hotspot\src\share\vm\prims\jvm.cpp, line 1390]
Event: 0.541 Thread 0x0000000002ed4800 Exception <a 'java/security/PrivilegedActionException'> (0x000000076bb0e3a8) thrown at [C:\re\workspace\8-2-build-windows-amd64-cygwin\jdk8u112\7884\hotspot\src\share\vm\prims\jvm.cpp, line 1390]
Event: 0.541 Thread 0x0000000002ed4800 Exception <a 'java/security/PrivilegedActionException'> (0x000000076bb0f470) thrown at [C:\re\workspace\8-2-build-windows-amd64-cygwin\jdk8u112\7884\hotspot\src\share\vm\prims\jvm.cpp, line 1390]
Event: 0.541 Thread 0x0000000002ed4800 Exception <a 'java/security/PrivilegedActionException'> (0x000000076bb0f680) thrown at [C:\re\workspace\8-2-build-windows-amd64-cygwin\jdk8u112\7884\hotspot\src\share\vm\prims\jvm.cpp, line 1390]
Event: 0.542 Thread 0x0000000002ed4800 Exception <a 'java/security/PrivilegedActionException'> (0x000000076bb107b8) thrown at [C:\re\workspace\8-2-build-windows-amd64-cygwin\jdk8u112\7884\hotspot\src\share\vm\prims\jvm.cpp, line 1390]
Event: 0.542 Thread 0x0000000002ed4800 Exception <a 'java/security/PrivilegedActionException'> (0x000000076bb109c8) thrown at [C:\re\workspace\8-2-build-windows-amd64-cygwin\jdk8u112\7884\hotspot\src\share\vm\prims\jvm.cpp, line 1390]
Event: 0.542 Thread 0x0000000002ed4800 Exception <a 'java/security/PrivilegedActionException'> (0x000000076bb11b00) thrown at [C:\re\workspace\8-2-build-windows-amd64-cygwin\jdk8u112\7884\hotspot\src\share\vm\prims\jvm.cpp, line 1390]
Event: 0.542 Thread 0x0000000002ed4800 Exception <a 'java/security/PrivilegedActionException'> (0x000000076bb11d10) thrown at [C:\re\workspace\8-2-build-windows-amd64-cygwin\jdk8u112\7884\hotspot\src\share\vm\prims\jvm.cpp, line 1390]
Event: 0.722 Thread 0x0000000002ed4800 Exception <a 'java/lang/NoSuchFieldError': method resolution failed> (0x000000076c146120) thrown at [C:\re\workspace\8-2-build-windows-amd64-cygwin\jdk8u112\7884\hotspot\src\share\vm\prims\methodHandles.cpp, line 1146]
Event: 0.723 Thread 0x0000000002ed4800 Exception <a 'java/lang/NoSuchFieldError': method resolution failed> (0x000000076c153f68) thrown at [C:\re\workspace\8-2-build-windows-amd64-cygwin\jdk8u112\7884\hotspot\src\share\vm\prims\methodHandles.cpp, line 1146]

Events (10 events):
Event: 0.747 Thread 0x000000002016e800 Thread added: 0x000000002016e800
Event: 0.747 Thread 0x0000000020169000 Thread added: 0x0000000020169000
Event: 0.747 Thread 0x000000002016b800 Thread added: 0x000000002016b800
Event: 0.747 Thread 0x000000002016a000 Thread added: 0x000000002016a000
Event: 0.747 Thread 0x000000002016c000 Thread added: 0x000000002016c000
Event: 0.747 Thread 0x000000002016d000 Thread added: 0x000000002016d000
Event: 0.747 Thread 0x000000002016d800 Thread added: 0x000000002016d800
Event: 0.747 Thread 0x000000002016a800 Thread added: 0x000000002016a800
Event: 0.747 Thread 0x000000002019b000 Thread added: 0x000000002019b000
Event: 0.747 Thread 0x0000000020196000 Thread added: 0x0000000020196000


Dynamic libraries:
0x00007ff7ecfa0000 - 0x00007ff7ecfd7000 	D:\Code\Language\java\bin\java.exe
0x00007ffeaa9b0000 - 0x00007ffeaaba4000 	C:\WINDOWS\SYSTEM32\ntdll.dll
0x00007ffea9230000 - 0x00007ffea92ed000 	C:\WINDOWS\System32\KERNEL32.DLL
0x00007ffea81d0000 - 0x00007ffea848f000 	C:\WINDOWS\System32\KERNELBASE.dll
0x00007ffeaa8c0000 - 0x00007ffeaa96a000 	C:\WINDOWS\System32\ADVAPI32.dll
0x00007ffea8df0000 - 0x00007ffea8e8e000 	C:\WINDOWS\System32\msvcrt.dll
0x00007ffea9a50000 - 0x00007ffea9aeb000 	C:\WINDOWS\System32\sechost.dll
0x00007ffea8e90000 - 0x00007ffea8fb0000 	C:\WINDOWS\System32\RPCRT4.dll
0x00007ffea9bd0000 - 0x00007ffea9d70000 	C:\WINDOWS\System32\USER32.dll
0x00007ffea81a0000 - 0x00007ffea81c2000 	C:\WINDOWS\System32\win32u.dll
0x00007ffeaa2e0000 - 0x00007ffeaa30a000 	C:\WINDOWS\System32\GDI32.dll
0x00007ffea8820000 - 0x00007ffea892a000 	C:\WINDOWS\System32\gdi32full.dll
0x00007ffea89b0000 - 0x00007ffea8a4d000 	C:\WINDOWS\System32\msvcp_win.dll
0x00007ffea86d0000 - 0x00007ffea87cf000 	C:\WINDOWS\System32\ucrtbase.dll
0x00007ffea7520000 - 0x00007ffea77ba000 	C:\WINDOWS\WinSxS\amd64_microsoft.windows.common-controls_6595b64144ccf1df_6.0.18963.1000_none_aa699ef2ec662fc6\COMCTL32.dll
0x00007ffea9a20000 - 0x00007ffea9a50000 	C:\WINDOWS\System32\IMM32.DLL
0x0000000055f80000 - 0x0000000056052000 	D:\Code\Language\java\jre\bin\msvcr100.dll
0x00000000556e0000 - 0x0000000055f7a000 	D:\Code\Language\java\jre\bin\server\jvm.dll
0x00007ffea9220000 - 0x00007ffea9228000 	C:\WINDOWS\System32\PSAPI.DLL
0x00007ffe979c0000 - 0x00007ffe979e7000 	C:\WINDOWS\SYSTEM32\WINMM.dll
0x00007ffea2b30000 - 0x00007ffea2b39000 	C:\WINDOWS\SYSTEM32\WSOCK32.dll
0x00007ffe9ac70000 - 0x00007ffe9ac7a000 	C:\WINDOWS\SYSTEM32\VERSION.dll
0x00007ffea8b20000 - 0x00007ffea8b8b000 	C:\WINDOWS\System32\WS2_32.dll
0x00000000556d0000 - 0x00000000556df000 	D:\Code\Language\java\jre\bin\verify.dll
0x00000000556a0000 - 0x00000000556c9000 	D:\Code\Language\java\jre\bin\java.dll
0x0000000055600000 - 0x0000000055623000 	D:\Code\Language\java\jre\bin\instrument.dll
0x0000000055680000 - 0x0000000055696000 	D:\Code\Language\java\jre\bin\zip.dll
0x00007ffea92f0000 - 0x00007ffea9a01000 	C:\WINDOWS\System32\SHELL32.dll
0x00007ffea5af0000 - 0x00007ffea6259000 	C:\WINDOWS\SYSTEM32\windows.storage.dll
0x00007ffeaa310000 - 0x00007ffeaa65b000 	C:\WINDOWS\System32\combase.dll
0x00007ffea8a50000 - 0x00007ffea8afe000 	C:\WINDOWS\System32\SHCORE.dll
0x00007ffea8c70000 - 0x00007ffea8cc5000 	C:\WINDOWS\System32\shlwapi.dll
0x00007ffea8010000 - 0x00007ffea802f000 	C:\WINDOWS\SYSTEM32\profapi.dll
0x00007ffe98fc0000 - 0x00007ffe98fda000 	D:\Code\IDE\IntelliJ IDEA 2019.2\bin\breakgen64.dll
0x0000000055660000 - 0x000000005567a000 	D:\Code\Language\java\jre\bin\net.dll
0x00007ffea7200000 - 0x00007ffea726a000 	C:\WINDOWS\system32\mswsock.dll
0x00007ffea7bb0000 - 0x00007ffea7d94000 	C:\WINDOWS\SYSTEM32\dbghelp.dll
0x00007ffea8930000 - 0x00007ffea89ab000 	C:\WINDOWS\System32\bcryptPrimitives.dll

VM Arguments:
jvm_args: -javaagent:D:\Code\IDE\IntelliJ IDEA 2019.2\lib\idea_rt.jar=59093:D:\Code\IDE\IntelliJ IDEA 2019.2\bin -Dfile.encoding=UTF-8 
java_command: com.fcy.Java.Concurrent.CustomerLockDemo.GxfInter
java_class_path (initial): D:\Code\Language\java\jre\lib\charsets.jar;D:\Code\Language\java\jre\lib\deploy.jar;D:\Code\Language\java\jre\lib\ext\access-bridge-64.jar;D:\Code\Language\java\jre\lib\ext\cldrdata.jar;D:\Code\Language\java\jre\lib\ext\dnsns.jar;D:\Code\Language\java\jre\lib\ext\jaccess.jar;D:\Code\Language\java\jre\lib\ext\jfxrt.jar;D:\Code\Language\java\jre\lib\ext\localedata.jar;D:\Code\Language\java\jre\lib\ext\nashorn.jar;D:\Code\Language\java\jre\lib\ext\sunec.jar;D:\Code\Language\java\jre\lib\ext\sunjce_provider.jar;D:\Code\Language\java\jre\lib\ext\sunmscapi.jar;D:\Code\Language\java\jre\lib\ext\sunpkcs11.jar;D:\Code\Language\java\jre\lib\ext\zipfs.jar;D:\Code\Language\java\jre\lib\javaws.jar;D:\Code\Language\java\jre\lib\jce.jar;D:\Code\Language\java\jre\lib\jfr.jar;D:\Code\Language\java\jre\lib\jfxswt.jar;D:\Code\Language\java\jre\lib\jsse.jar;D:\Code\Language\java\jre\lib\management-agent.jar;D:\Code\Language\java\jre\lib\plugin.jar;D:\Code\Language\java\jre\lib\resources.jar;D:\Code\Language\java\jre\lib\rt.jar;D:\Code\WorkSpace\java\NewWorkSpace\Image\target\classes;D:\Code\Packages\maven\commons-logging\commons-logging\1.0.4\commons-logging-1.0.4.jar;D:\Code\Packages\maven\org\apache\pdfbox\pdfbox\1.8.8\pdfbox-1.8.8.jar;D:\Code\Packages\maven\org\apache\pdfbox\fontbox\1.8.8\fontbox-1.8.8.jar;D:\Code\Packages\maven\org\apache\pdfbox\jempbox\1.8.8\jempbox-1.8.8.jar;D:\Code\Packages\maven\com\itextpdf\itextpdf\5.5.9\itextpdf-5.5.9.jar;D:\Code\Packages\maven\com\itextpdf\itext-asian\5.2.0\itext-asian-5.2.0.jar;D:\Code\Packages\maven\com\itextpdf\tool\xmlworker\5.5.6\xmlworker-5.5.6.jar;D:\Code\Packages\maven\org\projectlombok\lombok\1.14.4\lombok-1.14.4.jar;D:\Code\Packages\maven\mysql\mysql-connector-java\5.1.45\mysql-connector-java-5.1.45.jar;D:\Code\Packages\maven\com\fasterxml\jackson\core\jackson-core\2.9.5\jackson-core-2.9.5.jar;D:\Code\Packages\maven\org\codehaus\jackson\jackson-mapper-asl\1.9.13\jackson-mapper-asl-1.9.13.jar;D:\Code\Pa
Launcher Type: SUN_STANDARD

Environment Variables:
JAVA_HOME=D:\Code\Language\java
CLASSPATH=.;D:\Code\Language\java\lib\dt.jar;D:\Code\Language\java\lib\tools.jar;D:\Code\Language\java\jre\lib\rt.jar
PATH=D:\Code\IDE\IntelliJ IDEA 2019.2\jbr\\bin;D:\Code\IDE\IntelliJ IDEA 2019.2\jbr\\bin\server;D:\Code\Language\python\Scripts\;D:\Code\Language\python\;C:\WINDOWS\system32;C:\WINDOWS;C:\WINDOWS\System32\Wbem;C:\WINDOWS\System32\WindowsPowerShell\v1.0\;C:\WINDOWS\System32\OpenSSH\;C:\Program Files (x86)\Intel\Intel(R) Management Engine Components\DAL;C:\Program Files\Intel\Intel(R) Management Engine Components\DAL;D:\Code\CodeTool\NetWork\Git\cmd;D:\Code\Language\nodejs\;C:\Users\80771\AppData\Local\Microsoft\WindowsApps;D:\Code\Language\java\bin;C:\Users\80771\AppData\Roaming\npm;D:\Code\Build\apache-maven-3.6.1\bin;D:\Code\Build\gradle-5.6\bin;D:\Code\MiddleWare\mysql-5.7.27-winx64\bin;D:\Code\MiddleWare\hadoop\bin;D:\Code\MiddleWare\hadoop\sbin;C:\Users\80771\AppData\Local\Microsoft\WindowsApps;D:\Code\Language\scala-2.13.0\bin;
USERNAME=fcy
OS=Windows_NT
PROCESSOR_IDENTIFIER=Intel64 Family 6 Model 158 Stepping 10, GenuineIntel



---------------  S Y S T E M  ---------------

OS: Windows 10.0 , 64 bit Build 18963 (10.0.18963.1000)

CPU:total 8 (4 cores per cpu, 2 threads per core) family 6 model 158 stepping 10, cmov, cx8, fxsr, mmx, sse, sse2, sse3, ssse3, sse4.1, sse4.2, popcnt, avx, avx2, aes, clmul, erms, 3dnowpref, lzcnt, ht, tsc, tscinvbit, bmi1, bmi2, adx

Memory: 4k page, physical 16615732k(6570732k free), swap 27101492k(4932376k free)

vm_info: Java HotSpot(TM) 64-Bit Server VM (25.112-b15) for windows-amd64 JRE (1.8.0_112-b15), built on Sep 22 2016 21:31:56 by "java_re" with MS VC++ 10.0 (VS2010)

time: Sat Oct 19 02:50:29 2019
elapsed time: 1 seconds (0d 0h 0m 1s)

